Build started 13-Jun-16 4:57:28 PM.
     1>Project "E:\proiect tp\radix sort\radix sort\radix sort.vcxproj" on node 2 (build target(s)).
     1>InitializeBuildStatus:
         Touching "Debug\radix sort.unsuccessfulbuild".
       ClCompile:
         C:\Program Files (x86)\Microsoft Visual Studio 10.0\VC\bin\CL.exe /c /ZI /nologo /W3 /WX- /Od /Oy- /D WIN32 /D _DEBUG /D _WINDOWS /D _MBCS /Gm /EHsc /RTC1 /MDd /GS /fp:precise /Zc:wchar_t /Zc:forScope /Fo"Debug\\" /Fd"Debug\vc100.pdb" /Gd /TP /analyze- /errorReport:prompt source.cpp
         source.cpp
     1>e:\proiect tp\radix sort\radix sort\source.cpp(81): warning C4996: 'fopen': This function or variable may be unsafe. Consider using fopen_s instead. To disable deprecation, use _CRT_SECURE_NO_WARNINGS. See online help for details.
                 c:\program files (x86)\microsoft visual studio 10.0\vc\include\stdio.h(234) : see declaration of 'fopen'
     1>e:\proiect tp\radix sort\radix sort\source.cpp(82): warning C4996: 'fscanf': This function or variable may be unsafe. Consider using fscanf_s instead. To disable deprecation, use _CRT_SECURE_NO_WARNINGS. See online help for details.
                 c:\program files (x86)\microsoft visual studio 10.0\vc\include\stdio.h(253) : see declaration of 'fscanf'
     1>e:\proiect tp\radix sort\radix sort\source.cpp(85): warning C4996: 'fscanf': This function or variable may be unsafe. Consider using fscanf_s instead. To disable deprecation, use _CRT_SECURE_NO_WARNINGS. See online help for details.
                 c:\program files (x86)\microsoft visual studio 10.0\vc\include\stdio.h(253) : see declaration of 'fscanf'
     1>e:\proiect tp\radix sort\radix sort\source.cpp(172): warning C4996: 'fopen': This function or variable may be unsafe. Consider using fopen_s instead. To disable deprecation, use _CRT_SECURE_NO_WARNINGS. See online help for details.
                 c:\program files (x86)\microsoft visual studio 10.0\vc\include\stdio.h(234) : see declaration of 'fopen'
     1>e:\proiect tp\radix sort\radix sort\source.cpp(173): warning C4996: 'fscanf': This function or variable may be unsafe. Consider using fscanf_s instead. To disable deprecation, use _CRT_SECURE_NO_WARNINGS. See online help for details.
                 c:\program files (x86)\microsoft visual studio 10.0\vc\include\stdio.h(253) : see declaration of 'fscanf'
     1>e:\proiect tp\radix sort\radix sort\source.cpp(176): warning C4996: 'fscanf': This function or variable may be unsafe. Consider using fscanf_s instead. To disable deprecation, use _CRT_SECURE_NO_WARNINGS. See online help for details.
                 c:\program files (x86)\microsoft visual studio 10.0\vc\include\stdio.h(253) : see declaration of 'fscanf'
     1>e:\proiect tp\radix sort\radix sort\source.cpp(262): warning C4996: 'fopen': This function or variable may be unsafe. Consider using fopen_s instead. To disable deprecation, use _CRT_SECURE_NO_WARNINGS. See online help for details.
                 c:\program files (x86)\microsoft visual studio 10.0\vc\include\stdio.h(234) : see declaration of 'fopen'
     1>e:\proiect tp\radix sort\radix sort\source.cpp(263): warning C4996: 'fscanf': This function or variable may be unsafe. Consider using fscanf_s instead. To disable deprecation, use _CRT_SECURE_NO_WARNINGS. See online help for details.
                 c:\program files (x86)\microsoft visual studio 10.0\vc\include\stdio.h(253) : see declaration of 'fscanf'
     1>e:\proiect tp\radix sort\radix sort\source.cpp(266): warning C4996: 'fscanf': This function or variable may be unsafe. Consider using fscanf_s instead. To disable deprecation, use _CRT_SECURE_NO_WARNINGS. See online help for details.
                 c:\program files (x86)\microsoft visual studio 10.0\vc\include\stdio.h(253) : see declaration of 'fscanf'
     1>e:\proiect tp\radix sort\radix sort\source.cpp(278): warning C4101: 'ps' : unreferenced local variable
     1>e:\proiect tp\radix sort\radix sort\source.cpp(280): warning C4101: 'hPen' : unreferenced local variable
     1>e:\proiect tp\radix sort\radix sort\source.cpp(279): warning C4101: 'holdBrush' : unreferenced local variable
     1>e:\proiect tp\radix sort\radix sort\source.cpp(280): warning C4101: 'holdPen' : unreferenced local variable
     1>e:\proiect tp\radix sort\radix sort\source.cpp(279): warning C4101: 'hBrush' : unreferenced local variable
     1>e:\proiect tp\radix sort\radix sort\source.cpp(277): warning C4101: 'hdc' : unreferenced local variable
     1>e:\proiect tp\radix sort\radix sort\source.cpp(320): warning C4018: '<' : signed/unsigned mismatch
     1>e:\proiect tp\radix sort\radix sort\source.cpp(378): warning C4244: '=' : conversion from 'double' to 'int', possible loss of data
     1>e:\proiect tp\radix sort\radix sort\source.cpp(379): warning C4244: '=' : conversion from 'double' to 'int', possible loss of data
     1>e:\proiect tp\radix sort\radix sort\source.cpp(380): warning C4244: '=' : conversion from 'double' to 'int', possible loss of data
     1>e:\proiect tp\radix sort\radix sort\source.cpp(389): warning C4244: '=' : conversion from 'double' to 'float', possible loss of data
     1>e:\proiect tp\radix sort\radix sort\source.cpp(390): warning C4996: 'sprintf': This function or variable may be unsafe. Consider using sprintf_s instead. To disable deprecation, use _CRT_SECURE_NO_WARNINGS. See online help for details.
                 c:\program files (x86)\microsoft visual studio 10.0\vc\include\stdio.h(371) : see declaration of 'sprintf'
     1>e:\proiect tp\radix sort\radix sort\source.cpp(396): warning C4244: 'argument' : conversion from 'float' to 'int', possible loss of data
     1>e:\proiect tp\radix sort\radix sort\source.cpp(400): warning C4244: 'argument' : conversion from 'float' to 'int', possible loss of data
     1>e:\proiect tp\radix sort\radix sort\source.cpp(404): warning C4244: 'argument' : conversion from 'float' to 'int', possible loss of data
     1>e:\proiect tp\radix sort\radix sort\source.cpp(463): warning C4996: 'sprintf': This function or variable may be unsafe. Consider using sprintf_s instead. To disable deprecation, use _CRT_SECURE_NO_WARNINGS. See online help for details.
                 c:\program files (x86)\microsoft visual studio 10.0\vc\include\stdio.h(371) : see declaration of 'sprintf'
     1>e:\proiect tp\radix sort\radix sort\source.cpp(471): warning C4996: 'sprintf': This function or variable may be unsafe. Consider using sprintf_s instead. To disable deprecation, use _CRT_SECURE_NO_WARNINGS. See online help for details.
                 c:\program files (x86)\microsoft visual studio 10.0\vc\include\stdio.h(371) : see declaration of 'sprintf'
     1>e:\proiect tp\radix sort\radix sort\source.cpp(479): warning C4996: 'sprintf': This function or variable may be unsafe. Consider using sprintf_s instead. To disable deprecation, use _CRT_SECURE_NO_WARNINGS. See online help for details.
                 c:\program files (x86)\microsoft visual studio 10.0\vc\include\stdio.h(371) : see declaration of 'sprintf'
       ManifestResourceCompile:
         C:\Program Files (x86)\Microsoft SDKs\Windows\v7.0A\bin\rc.exe /nologo /fo"Debug\radix sort.exe.embed.manifest.res" "Debug\radix sort_manifest.rc" 
       Link:
         C:\Program Files (x86)\Microsoft Visual Studio 10.0\VC\bin\link.exe /ERRORREPORT:PROMPT /OUT:"E:\proiect tp\radix sort\Debug\radix sort.exe" /INCREMENTAL /NOLOGO kernel32.lib user32.lib gdi32.lib winspool.lib comdlg32.lib advapi32.lib shell32.lib ole32.lib oleaut32.lib uuid.lib odbc32.lib odbccp32.lib /MANIFEST /ManifestFile:"Debug\radix sort.exe.intermediate.manifest" /MANIFESTUAC:"level='asInvoker' uiAccess='false'" /DEBUG /PDB:"E:\proiect tp\radix sort\Debug\radix sort.pdb" /SUBSYSTEM:WINDOWS /TLBID:1 /DYNAMICBASE /NXCOMPAT /IMPLIB:"E:\proiect tp\radix sort\Debug\radix sort.lib" /MACHINE:X86 "Debug\radix sort.exe.embed.manifest.res"
         Debug\source.obj
       Manifest:
         C:\Program Files (x86)\Microsoft SDKs\Windows\v7.0A\bin\mt.exe /nologo /verbose /out:"Debug\radix sort.exe.embed.manifest" /manifest "Debug\radix sort.exe.intermediate.manifest"
         C:\Program Files (x86)\Microsoft SDKs\Windows\v7.0A\bin\rc.exe /nologo /fo"Debug\radix sort.exe.embed.manifest.res" "Debug\radix sort_manifest.rc" 
       LinkEmbedManifest:
         C:\Program Files (x86)\Microsoft Visual Studio 10.0\VC\bin\link.exe /ERRORREPORT:PROMPT /OUT:"E:\proiect tp\radix sort\Debug\radix sort.exe" /INCREMENTAL /NOLOGO kernel32.lib user32.lib gdi32.lib winspool.lib comdlg32.lib advapi32.lib shell32.lib ole32.lib oleaut32.lib uuid.lib odbc32.lib odbccp32.lib /MANIFEST /ManifestFile:"Debug\radix sort.exe.intermediate.manifest" /MANIFESTUAC:"level='asInvoker' uiAccess='false'" /DEBUG /PDB:"E:\proiect tp\radix sort\Debug\radix sort.pdb" /SUBSYSTEM:WINDOWS /TLBID:1 /DYNAMICBASE /NXCOMPAT /IMPLIB:"E:\proiect tp\radix sort\Debug\radix sort.lib" /MACHINE:X86 "Debug\radix sort.exe.embed.manifest.res"
         Debug\source.obj
         radix sort.vcxproj -> E:\proiect tp\radix sort\Debug\radix sort.exe
       FinalizeBuildStatus:
         Deleting file "Debug\radix sort.unsuccessfulbuild".
         Touching "Debug\radix sort.lastbuildstate".
     1>Done Building Project "E:\proiect tp\radix sort\radix sort\radix sort.vcxproj" (build target(s)).

Build succeeded.

Time Elapsed 00:00:03.19
